[36mvite v6.4.3 [32mbuilding for production...[36m[39m
transforming...
[32m✓[39m 3346 modules transformed.
[33mCircular chunk: index -> music -> index. Consider disabling the "output.onlyExplicitManualChunks" option, as enabling it causes the static dependencies of the manual chunk "music" to be bundled into the chunk "index".[39m
[33mCircular chunk: index -> playlist -> index. Consider disabling the "output.onlyExplicitManualChunks" option, as enabling it causes the static dependencies of the manual chunk "playlist" to be bundled into the chunk "index".[39m
rendering chunks...
[31m✗[39m Build failed in 9.88s

✨ [vite-plugin-compression]:algorithm=gzip - compressed file successfully: 
dist-web/c:/Users/pengdao/Music/AlgerMusicPlayer-main/dist-web/html/remote-control.html.gz   14.88kb / gzip: 4.03kb


[31merror during build:
[31m[vite:esbuild-transpile] Transform failed with 1 error:
assets/MusicHook-!~{003}~.js:2814:16: ERROR: Top-level await is not available in the configured target environment ("chrome87", "edge88", "es2020", "firefox78", "safari14" + 2 overrides)[31m
file: [36massets/MusicHook-!~{003}~.js:2814:16[31m
[33m
[33mTop-level await is not available in the configured target environment ("chrome87", "edge88", "es2020", "firefox78", "safari14" + 2 overrides)[33m
2812|  let lastIndex = -1;
2813|  const cachedPlatform = isElectron ? window.electron.ipcRenderer.sendSync("get-platform") : "web";
2814|  const musicDB = await useIndexedDB(
   |                  ^
2815|    "musicDB",
2816|    [
[31m
    at failureErrorWithLog (c:\Users\pengdao\Music\AlgerMusicPlayer-main\node_modules\esbuild\lib\main.js:1477:15)
    at c:\Users\pengdao\Music\AlgerMusicPlayer-main\node_modules\esbuild\lib\main.js:756:50
    at responseCallbacks.<computed> (c:\Users\pengdao\Music\AlgerMusicPlayer-main\node_modules\esbuild\lib\main.js:623:9)
    at handleIncomingPacket (c:\Users\pengdao\Music\AlgerMusicPlayer-main\node_modules\esbuild\lib\main.js:678:12)
    at Socket.readFromStdout (c:\Users\pengdao\Music\AlgerMusicPlayer-main\node_modules\esbuild\lib\main.js:601:7)
    at Socket.emit (node:events:524:28)
    at addChunk (node:internal/streams/readable:561:12)
    at readableAddChunkPushByteMode (node:internal/streams/readable:512:3)
    at Readable.push (node:internal/streams/readable:392:5)
    at Pipe.onStreamRead (node:internal/stream_base_commons:191:23)[39m
